The target system is: Generic -  - cortex-m3
The host system is: Linux - 4.4.0-112-generic - i686
Checking whether the ASM compiler is GNU using "--version" matched "(GNU assembler)|(GCC)|(Free Software Foundation)":
arm-none-eabi-gcc (GNU Tools for Arm Embedded Processors 7-2017-q4-major) 7.2.1 20170904 (release) [ARM/embedded-7-branch revision 255204]
Copyright (C) 2017 Free Software Foundation, Inc.
This is free software; see the source for copying conditions.  There is NO
warranty; not even for MERCHANTABILITY or FITNESS FOR A PARTICULAR PURPOSE.

Compiling the C compiler identification source file "CMakeCCompilerId.c" succeeded.
Compiler: /usr/bin/arm-none-eabi-gcc 
Build flags: -fno-common;-ffunction-sections;-fdata-sections;-fexceptions;-fomit-frame-pointer;-mcpu=cortex-m3;-march=armv7-m;-mthumb;-msoft-float
Id flags: -c

The output was:
0


Compilation of the C compiler identification source "CMakeCCompilerId.c" produced "CMakeCCompilerId.o"

The C compiler identification is GNU, found in "/home/sf/Downloads/TheTokenBox/build/CMakeFiles/3.5.1/CompilerIdC/CMakeCCompilerId.o"

Compiling the CXX compiler identification source file "CMakeCXXCompilerId.cpp" succeeded.
Compiler: /usr/bin/arm-none-eabi-g++ 
Build flags: -fno-common;-ffunction-sections;-fdata-sections;-fexceptions;-fomit-frame-pointer;-fno-rtti;-mcpu=cortex-m3;-march=armv7-m;-mthumb;-msoft-float
Id flags: -c

The output was:
0


Compilation of the CXX compiler identification source "CMakeCXXCompilerId.cpp" produced "CMakeCXXCompilerId.o"

The CXX compiler identification is GNU, found in "/home/sf/Downloads/TheTokenBox/build/CMakeFiles/3.5.1/CompilerIdCXX/CMakeCXXCompilerId.o"

Detecting C compiler ABI info compiled with the following output:
Change Dir: /home/sf/Downloads/TheTokenBox/build/CMakeFiles/CMakeTmp

Run Build Command:"/usr/bin/make" "cmTC_464b0/fast"
/usr/bin/make -f CMakeFiles/cmTC_464b0.dir/build.make CMakeFiles/cmTC_464b0.dir/build
make[1]: Entering directory '/home/sf/Downloads/TheTokenBox/build/CMakeFiles/CMakeTmp'
Building C object CMakeFiles/cmTC_464b0.dir/CMakeCCompilerABI.c.obj
/usr/bin/arm-none-eabi-gcc    -fno-common -ffunction-sections -fdata-sections -fexceptions -fomit-frame-pointer -mcpu=cortex-m3 -march=armv7-m -mthumb -msoft-float    -o CMakeFiles/cmTC_464b0.dir/CMakeCCompilerABI.c.obj   -c /usr/share/cmake-3.5/Modules/CMakeCCompilerABI.c
Linking C executable cmTC_464b0
/usr/bin/cmake -E cmake_link_script CMakeFiles/cmTC_464b0.dir/link.txt --verbose=1
/usr/bin/arm-none-eabi-gcc  -fno-common -ffunction-sections -fdata-sections -fexceptions -fomit-frame-pointer -mcpu=cortex-m3 -march=armv7-m -mthumb -msoft-float   --specs=nosys.specs --specs=nano.specs -Wl,-Map,output.map -Wl,--gc-sections -v CMakeFiles/cmTC_464b0.dir/CMakeCCompilerABI.c.obj  -o cmTC_464b0  
Using built-in specs.
Reading specs from /usr/bin/../lib/gcc/arm-none-eabi/7.2.1/../../../../arm-none-eabi/lib/nosys.specs
rename spec link_gcc_c_sequence to nosys_link_gcc_c_sequence
Reading specs from /usr/bin/../lib/gcc/arm-none-eabi/7.2.1/../../../../arm-none-eabi/lib/nano.specs
rename spec link to nano_link
rename spec link_gcc_c_sequence to nano_link_gcc_c_sequence
rename spec cpp_unique_options to nano_cpp_unique_options
COLLECT_GCC=/usr/bin/arm-none-eabi-gcc
COLLECT_LTO_WRAPPER=/usr/bin/../lib/gcc/arm-none-eabi/7.2.1/lto-wrapper
Target: arm-none-eabi
Configured with: /build/gcc-arm-none-eabi-bkQvi3/gcc-arm-none-eabi-7-2017q4/src/gcc/configure --target=arm-none-eabi --prefix=/build/gcc-arm-none-eabi-bkQvi3/gcc-arm-none-eabi-7-2017q4/install-native --libexecdir=/build/gcc-arm-none-eabi-bkQvi3/gcc-arm-none-eabi-7-2017q4/install-native/lib --infodir=/build/gcc-arm-none-eabi-bkQvi3/gcc-arm-none-eabi-7-2017q4/install-native/share/doc/gcc-arm-none-eabi/info --mandir=/build/gcc-arm-none-eabi-bkQvi3/gcc-arm-none-eabi-7-2017q4/install-native/share/doc/gcc-arm-none-eabi/man --htmldir=/build/gcc-arm-none-eabi-bkQvi3/gcc-arm-none-eabi-7-2017q4/install-native/share/doc/gcc-arm-none-eabi/html --pdfdir=/build/gcc-arm-none-eabi-bkQvi3/gcc-arm-none-eabi-7-2017q4/install-native/share/doc/gcc-arm-none-eabi/pdf --enable-languages=c,c++ --enable-plugins --disable-decimal-float --disable-libffi --disable-libgomp --disable-libmudflap --disable-libquadmath --disable-libssp --disable-libstdcxx-pch --disable-nls --disable-shared --disable-threads --disable-tls --with-gnu-as --with-gnu-ld --with-newlib --with-headers=yes --with-python-dir=share/gcc-arm-none-eabi --with-sysroot=/build/gcc-arm-none-eabi-bkQvi3/gcc-arm-none-eabi-7-2017q4/install-native/arm-none-eabi --with-host-libstdcxx='-static-libgcc -Wl,-Bstatic,-lstdc++,-Bdynamic -lm' --with-pkgversion='GNU Tools for Arm Embedded Processors 7-2017-q4-major' --with-multilib-list=rmprofile
Thread model: single
gcc version 7.2.1 20170904 (release) [ARM/embedded-7-branch revision 255204] (GNU Tools for Arm Embedded Processors 7-2017-q4-major) 
COMPILER_PATH=/usr/bin/../lib/gcc/arm-none-eabi/7.2.1/:/usr/bin/../lib/gcc/:/usr/bin/../lib/gcc/arm-none-eabi/7.2.1/../../../../arm-none-eabi/bin/
LIBRARY_PATH=/usr/bin/../lib/gcc/arm-none-eabi/7.2.1/thumb/v7-m/:/usr/bin/../lib/gcc/arm-none-eabi/7.2.1/../../../../arm-none-eabi/lib/thumb/v7-m/:/usr/bin/../arm-none-eabi/lib/thumb/v7-m/:/usr/bin/../lib/gcc/arm-none-eabi/7.2.1/:/usr/bin/../lib/gcc/:/usr/bin/../lib/gcc/arm-none-eabi/7.2.1/../../../../arm-none-eabi/lib/:/usr/bin/../arm-none-eabi/lib/
COLLECT_GCC_OPTIONS='-fno-common' '-ffunction-sections' '-fdata-sections' '-fexceptions' '-fomit-frame-pointer' '-mcpu=cortex-m3' '-march=armv7-m' '-mthumb' '-mfloat-abi=soft' '-specs=nosys.specs' '-specs=nano.specs' '-v' '-o' 'cmTC_464b0'
 /usr/bin/../lib/gcc/arm-none-eabi/7.2.1/collect2 -plugin /usr/bin/../lib/gcc/arm-none-eabi/7.2.1/liblto_plugin.so -plugin-opt=/usr/bin/../lib/gcc/arm-none-eabi/7.2.1/lto-wrapper -plugin-opt=-fresolution=/tmp/ccq72t4M.res -plugin-opt=-pass-through=-lgcc -plugin-opt=-pass-through=-lc_nano -plugin-opt=-pass-through=-lgcc -plugin-opt=-pass-through=-lc_nano -plugin-opt=-pass-through=-lnosys -plugin-opt=-pass-through=-lgcc -plugin-opt=-pass-through=-lc_nano -plugin-opt=-pass-through=-lnosys --sysroot=/usr/bin/../arm-none-eabi -X -o cmTC_464b0 /usr/bin/../lib/gcc/arm-none-eabi/7.2.1/thumb/v7-m/crti.o /usr/bin/../lib/gcc/arm-none-eabi/7.2.1/thumb/v7-m/crtbegin.o /usr/bin/../lib/gcc/arm-none-eabi/7.2.1/../../../../arm-none-eabi/lib/thumb/v7-m/crt0.o -L/usr/bin/../lib/gcc/arm-none-eabi/7.2.1/thumb/v7-m -L/usr/bin/../lib/gcc/arm-none-eabi/7.2.1/../../../../arm-none-eabi/lib/thumb/v7-m -L/usr/bin/../arm-none-eabi/lib/thumb/v7-m -L/usr/bin/../lib/gcc/arm-none-eabi/7.2.1 -L/usr/bin/../lib/gcc -L/usr/bin/../lib/gcc/arm-none-eabi/7.2.1/../../../../arm-none-eabi/lib -L/usr/bin/../arm-none-eabi/lib -Map output.map --gc-sections CMakeFiles/cmTC_464b0.dir/CMakeCCompilerABI.c.obj --start-group -lgcc -lc_nano --end-group --start-group -lgcc -lc_nano -lnosys --end-group --start-group -lgcc -lc_nano -lnosys --end-group /usr/bin/../lib/gcc/arm-none-eabi/7.2.1/thumb/v7-m/crtend.o /usr/bin/../lib/gcc/arm-none-eabi/7.2.1/thumb/v7-m/crtn.o
COLLECT_GCC_OPTIONS='-fno-common' '-ffunction-sections' '-fdata-sections' '-fexceptions' '-fomit-frame-pointer' '-mcpu=cortex-m3' '-march=armv7-m' '-mthumb' '-mfloat-abi=soft' '-specs=nosys.specs' '-specs=nano.specs' '-v' '-o' 'cmTC_464b0'
make[1]: Leaving directory '/home/sf/Downloads/TheTokenBox/build/CMakeFiles/CMakeTmp'


Parsed C implicit link information from above output:
  link line regex: [^( *|.*[/\])(arm-none-eabi-ld|([^/\]+-)?ld|collect2)[^/\]*( |$)]
  ignore line: [Change Dir: /home/sf/Downloads/TheTokenBox/build/CMakeFiles/CMakeTmp]
  ignore line: []
  ignore line: [Run Build Command:"/usr/bin/make" "cmTC_464b0/fast"]
  ignore line: [/usr/bin/make -f CMakeFiles/cmTC_464b0.dir/build.make CMakeFiles/cmTC_464b0.dir/build]
  ignore line: [make[1]: Entering directory '/home/sf/Downloads/TheTokenBox/build/CMakeFiles/CMakeTmp']
  ignore line: [Building C object CMakeFiles/cmTC_464b0.dir/CMakeCCompilerABI.c.obj]
  ignore line: [/usr/bin/arm-none-eabi-gcc    -fno-common -ffunction-sections -fdata-sections -fexceptions -fomit-frame-pointer -mcpu=cortex-m3 -march=armv7-m -mthumb -msoft-float    -o CMakeFiles/cmTC_464b0.dir/CMakeCCompilerABI.c.obj   -c /usr/share/cmake-3.5/Modules/CMakeCCompilerABI.c]
  ignore line: [Linking C executable cmTC_464b0]
  ignore line: [/usr/bin/cmake -E cmake_link_script CMakeFiles/cmTC_464b0.dir/link.txt --verbose=1]
  ignore line: [/usr/bin/arm-none-eabi-gcc  -fno-common -ffunction-sections -fdata-sections -fexceptions -fomit-frame-pointer -mcpu=cortex-m3 -march=armv7-m -mthumb -msoft-float   --specs=nosys.specs --specs=nano.specs -Wl,-Map,output.map -Wl,--gc-sections -v CMakeFiles/cmTC_464b0.dir/CMakeCCompilerABI.c.obj  -o cmTC_464b0  ]
  ignore line: [Using built-in specs.]
  ignore line: [Reading specs from /usr/bin/../lib/gcc/arm-none-eabi/7.2.1/../../../../arm-none-eabi/lib/nosys.specs]
  ignore line: [rename spec link_gcc_c_sequence to nosys_link_gcc_c_sequence]
  ignore line: [Reading specs from /usr/bin/../lib/gcc/arm-none-eabi/7.2.1/../../../../arm-none-eabi/lib/nano.specs]
  ignore line: [rename spec link to nano_link]
  ignore line: [rename spec link_gcc_c_sequence to nano_link_gcc_c_sequence]
  ignore line: [rename spec cpp_unique_options to nano_cpp_unique_options]
  ignore line: [COLLECT_GCC=/usr/bin/arm-none-eabi-gcc]
  ignore line: [COLLECT_LTO_WRAPPER=/usr/bin/../lib/gcc/arm-none-eabi/7.2.1/lto-wrapper]
  ignore line: [Target: arm-none-eabi]
  ignore line: [Configured with: /build/gcc-arm-none-eabi-bkQvi3/gcc-arm-none-eabi-7-2017q4/src/gcc/configure --target=arm-none-eabi --prefix=/build/gcc-arm-none-eabi-bkQvi3/gcc-arm-none-eabi-7-2017q4/install-native --libexecdir=/build/gcc-arm-none-eabi-bkQvi3/gcc-arm-none-eabi-7-2017q4/install-native/lib --infodir=/build/gcc-arm-none-eabi-bkQvi3/gcc-arm-none-eabi-7-2017q4/install-native/share/doc/gcc-arm-none-eabi/info --mandir=/build/gcc-arm-none-eabi-bkQvi3/gcc-arm-none-eabi-7-2017q4/install-native/share/doc/gcc-arm-none-eabi/man --htmldir=/build/gcc-arm-none-eabi-bkQvi3/gcc-arm-none-eabi-7-2017q4/install-native/share/doc/gcc-arm-none-eabi/html --pdfdir=/build/gcc-arm-none-eabi-bkQvi3/gcc-arm-none-eabi-7-2017q4/install-native/share/doc/gcc-arm-none-eabi/pdf --enable-languages=c,c++ --enable-plugins --disable-decimal-float --disable-libffi --disable-libgomp --disable-libmudflap --disable-libquadmath --disable-libssp --disable-libstdcxx-pch --disable-nls --disable-shared --disable-threads --disable-tls --with-gnu-as --with-gnu-ld --with-newlib --with-headers=yes --with-python-dir=share/gcc-arm-none-eabi --with-sysroot=/build/gcc-arm-none-eabi-bkQvi3/gcc-arm-none-eabi-7-2017q4/install-native/arm-none-eabi --with-host-libstdcxx='-static-libgcc -Wl,-Bstatic,-lstdc++,-Bdynamic -lm' --with-pkgversion='GNU Tools for Arm Embedded Processors 7-2017-q4-major' --with-multilib-list=rmprofile]
  ignore line: [Thread model: single]
  ignore line: [gcc version 7.2.1 20170904 (release) [ARM/embedded-7-branch revision 255204] (GNU Tools for Arm Embedded Processors 7-2017-q4-major) ]
  ignore line: [COMPILER_PATH=/usr/bin/../lib/gcc/arm-none-eabi/7.2.1/:/usr/bin/../lib/gcc/:/usr/bin/../lib/gcc/arm-none-eabi/7.2.1/../../../../arm-none-eabi/bin/]
  ignore line: [LIBRARY_PATH=/usr/bin/../lib/gcc/arm-none-eabi/7.2.1/thumb/v7-m/:/usr/bin/../lib/gcc/arm-none-eabi/7.2.1/../../../../arm-none-eabi/lib/thumb/v7-m/:/usr/bin/../arm-none-eabi/lib/thumb/v7-m/:/usr/bin/../lib/gcc/arm-none-eabi/7.2.1/:/usr/bin/../lib/gcc/:/usr/bin/../lib/gcc/arm-none-eabi/7.2.1/../../../../arm-none-eabi/lib/:/usr/bin/../arm-none-eabi/lib/]
  ignore line: [COLLECT_GCC_OPTIONS='-fno-common' '-ffunction-sections' '-fdata-sections' '-fexceptions' '-fomit-frame-pointer' '-mcpu=cortex-m3' '-march=armv7-m' '-mthumb' '-mfloat-abi=soft' '-specs=nosys.specs' '-specs=nano.specs' '-v' '-o' 'cmTC_464b0']
  link line: [ /usr/bin/../lib/gcc/arm-none-eabi/7.2.1/collect2 -plugin /usr/bin/../lib/gcc/arm-none-eabi/7.2.1/liblto_plugin.so -plugin-opt=/usr/bin/../lib/gcc/arm-none-eabi/7.2.1/lto-wrapper -plugin-opt=-fresolution=/tmp/ccq72t4M.res -plugin-opt=-pass-through=-lgcc -plugin-opt=-pass-through=-lc_nano -plugin-opt=-pass-through=-lgcc -plugin-opt=-pass-through=-lc_nano -plugin-opt=-pass-through=-lnosys -plugin-opt=-pass-through=-lgcc -plugin-opt=-pass-through=-lc_nano -plugin-opt=-pass-through=-lnosys --sysroot=/usr/bin/../arm-none-eabi -X -o cmTC_464b0 /usr/bin/../lib/gcc/arm-none-eabi/7.2.1/thumb/v7-m/crti.o /usr/bin/../lib/gcc/arm-none-eabi/7.2.1/thumb/v7-m/crtbegin.o /usr/bin/../lib/gcc/arm-none-eabi/7.2.1/../../../../arm-none-eabi/lib/thumb/v7-m/crt0.o -L/usr/bin/../lib/gcc/arm-none-eabi/7.2.1/thumb/v7-m -L/usr/bin/../lib/gcc/arm-none-eabi/7.2.1/../../../../arm-none-eabi/lib/thumb/v7-m -L/usr/bin/../arm-none-eabi/lib/thumb/v7-m -L/usr/bin/../lib/gcc/arm-none-eabi/7.2.1 -L/usr/bin/../lib/gcc -L/usr/bin/../lib/gcc/arm-none-eabi/7.2.1/../../../../arm-none-eabi/lib -L/usr/bin/../arm-none-eabi/lib -Map output.map --gc-sections CMakeFiles/cmTC_464b0.dir/CMakeCCompilerABI.c.obj --start-group -lgcc -lc_nano --end-group --start-group -lgcc -lc_nano -lnosys --end-group --start-group -lgcc -lc_nano -lnosys --end-group /usr/bin/../lib/gcc/arm-none-eabi/7.2.1/thumb/v7-m/crtend.o /usr/bin/../lib/gcc/arm-none-eabi/7.2.1/thumb/v7-m/crtn.o]
    arg [/usr/bin/../lib/gcc/arm-none-eabi/7.2.1/collect2] ==> ignore
    arg [-plugin] ==> ignore
    arg [/usr/bin/../lib/gcc/arm-none-eabi/7.2.1/liblto_plugin.so] ==> ignore
    arg [-plugin-opt=/usr/bin/../lib/gcc/arm-none-eabi/7.2.1/lto-wrapper] ==> ignore
    arg [-plugin-opt=-fresolution=/tmp/ccq72t4M.res] ==> ignore
    arg [-plugin-opt=-pass-through=-lgcc] ==> ignore
    arg [-plugin-opt=-pass-through=-lc_nano] ==> ignore
    arg [-plugin-opt=-pass-through=-lgcc] ==> ignore
    arg [-plugin-opt=-pass-through=-lc_nano] ==> ignore
    arg [-plugin-opt=-pass-through=-lnosys] ==> ignore
    arg [-plugin-opt=-pass-through=-lgcc] ==> ignore
    arg [-plugin-opt=-pass-through=-lc_nano] ==> ignore
    arg [-plugin-opt=-pass-through=-lnosys] ==> ignore
    arg [--sysroot=/usr/bin/../arm-none-eabi] ==> ignore
    arg [-X] ==> ignore
    arg [-o] ==> ignore
    arg [cmTC_464b0] ==> ignore
    arg [/usr/bin/../lib/gcc/arm-none-eabi/7.2.1/thumb/v7-m/crti.o] ==> ignore
    arg [/usr/bin/../lib/gcc/arm-none-eabi/7.2.1/thumb/v7-m/crtbegin.o] ==> ignore
    arg [/usr/bin/../lib/gcc/arm-none-eabi/7.2.1/../../../../arm-none-eabi/lib/thumb/v7-m/crt0.o] ==> ignore
    arg [-L/usr/bin/../lib/gcc/arm-none-eabi/7.2.1/thumb/v7-m] ==> dir [/usr/bin/../lib/gcc/arm-none-eabi/7.2.1/thumb/v7-m]
    arg [-L/usr/bin/../lib/gcc/arm-none-eabi/7.2.1/../../../../arm-none-eabi/lib/thumb/v7-m] ==> dir [/usr/bin/../lib/gcc/arm-none-eabi/7.2.1/../../../../arm-none-eabi/lib/thumb/v7-m]
    arg [-L/usr/bin/../arm-none-eabi/lib/thumb/v7-m] ==> dir [/usr/bin/../arm-none-eabi/lib/thumb/v7-m]
    arg [-L/usr/bin/../lib/gcc/arm-none-eabi/7.2.1] ==> dir [/usr/bin/../lib/gcc/arm-none-eabi/7.2.1]
    arg [-L/usr/bin/../lib/gcc] ==> dir [/usr/bin/../lib/gcc]
    arg [-L/usr/bin/../lib/gcc/arm-none-eabi/7.2.1/../../../../arm-none-eabi/lib] ==> dir [/usr/bin/../lib/gcc/arm-none-eabi/7.2.1/../../../../arm-none-eabi/lib]
    arg [-L/usr/bin/../arm-none-eabi/lib] ==> dir [/usr/bin/../arm-none-eabi/lib]
    arg [-Map] ==> ignore
    arg [output.map] ==> ignore
    arg [--gc-sections] ==> ignore
    arg [CMakeFiles/cmTC_464b0.dir/CMakeCCompilerABI.c.obj] ==> ignore
    arg [--start-group] ==> ignore
    arg [-lgcc] ==> lib [gcc]
    arg [-lc_nano] ==> lib [c_nano]
    arg [--end-group] ==> ignore
    arg [--start-group] ==> ignore
    arg [-lgcc] ==> lib [gcc]
    arg [-lc_nano] ==> lib [c_nano]
    arg [-lnosys] ==> lib [nosys]
    arg [--end-group] ==> ignore
    arg [--start-group] ==> ignore
    arg [-lgcc] ==> lib [gcc]
    arg [-lc_nano] ==> lib [c_nano]
    arg [-lnosys] ==> lib [nosys]
    arg [--end-group] ==> ignore
    arg [/usr/bin/../lib/gcc/arm-none-eabi/7.2.1/thumb/v7-m/crtend.o] ==> ignore
    arg [/usr/bin/../lib/gcc/arm-none-eabi/7.2.1/thumb/v7-m/crtn.o] ==> ignore
  remove lib [gcc]
  remove lib [gcc]
  remove lib [gcc]
  collapse library dir [/usr/bin/../lib/gcc/arm-none-eabi/7.2.1/thumb/v7-m] ==> [/usr/lib/gcc/arm-none-eabi/7.2.1/thumb/v7-m]
  collapse library dir [/usr/bin/../lib/gcc/arm-none-eabi/7.2.1/../../../../arm-none-eabi/lib/thumb/v7-m] ==> [/usr/arm-none-eabi/lib/thumb/v7-m]
  collapse library dir [/usr/bin/../arm-none-eabi/lib/thumb/v7-m] ==> [/usr/arm-none-eabi/lib/thumb/v7-m]
  collapse library dir [/usr/bin/../lib/gcc/arm-none-eabi/7.2.1] ==> [/usr/lib/gcc/arm-none-eabi/7.2.1]
  collapse library dir [/usr/bin/../lib/gcc] ==> [/usr/lib/gcc]
  collapse library dir [/usr/bin/../lib/gcc/arm-none-eabi/7.2.1/../../../../arm-none-eabi/lib] ==> [/usr/arm-none-eabi/lib]
  collapse library dir [/usr/bin/../arm-none-eabi/lib] ==> [/usr/arm-none-eabi/lib]
  implicit libs: [c_nano;c_nano;nosys;c_nano;nosys]
  implicit dirs: [/usr/lib/gcc/arm-none-eabi/7.2.1/thumb/v7-m;/usr/arm-none-eabi/lib/thumb/v7-m;/usr/lib/gcc/arm-none-eabi/7.2.1;/usr/lib/gcc;/usr/arm-none-eabi/lib]
  implicit fwks: []




Detecting C [-std=c11] compiler features compiled with the following output:
Change Dir: /home/sf/Downloads/TheTokenBox/build/CMakeFiles/CMakeTmp

Run Build Command:"/usr/bin/make" "cmTC_f2e34/fast"
/usr/bin/make -f CMakeFiles/cmTC_f2e34.dir/build.make CMakeFiles/cmTC_f2e34.dir/build
make[1]: Entering directory '/home/sf/Downloads/TheTokenBox/build/CMakeFiles/CMakeTmp'
Building C object CMakeFiles/cmTC_f2e34.dir/feature_tests.c.obj
/usr/bin/arm-none-eabi-gcc    -fno-common -ffunction-sections -fdata-sections -fexceptions -fomit-frame-pointer -mcpu=cortex-m3 -march=armv7-m -mthumb -msoft-float    -std=c11 -o CMakeFiles/cmTC_f2e34.dir/feature_tests.c.obj   -c /home/sf/Downloads/TheTokenBox/build/CMakeFiles/feature_tests.c
Linking C executable cmTC_f2e34
/usr/bin/cmake -E cmake_link_script CMakeFiles/cmTC_f2e34.dir/link.txt --verbose=1
/usr/bin/arm-none-eabi-gcc  -fno-common -ffunction-sections -fdata-sections -fexceptions -fomit-frame-pointer -mcpu=cortex-m3 -march=armv7-m -mthumb -msoft-float   --specs=nosys.specs --specs=nano.specs -Wl,-Map,output.map -Wl,--gc-sections  CMakeFiles/cmTC_f2e34.dir/feature_tests.c.obj  -o cmTC_f2e34 
make[1]: Leaving directory '/home/sf/Downloads/TheTokenBox/build/CMakeFiles/CMakeTmp'


    Feature record: C_FEATURE:1c_function_prototypes
    Feature record: C_FEATURE:1c_restrict
    Feature record: C_FEATURE:1c_static_assert
    Feature record: C_FEATURE:1c_variadic_macros


Detecting C [-std=c99] compiler features compiled with the following output:
Change Dir: /home/sf/Downloads/TheTokenBox/build/CMakeFiles/CMakeTmp

Run Build Command:"/usr/bin/make" "cmTC_95041/fast"
/usr/bin/make -f CMakeFiles/cmTC_95041.dir/build.make CMakeFiles/cmTC_95041.dir/build
make[1]: Entering directory '/home/sf/Downloads/TheTokenBox/build/CMakeFiles/CMakeTmp'
Building C object CMakeFiles/cmTC_95041.dir/feature_tests.c.obj
/usr/bin/arm-none-eabi-gcc    -fno-common -ffunction-sections -fdata-sections -fexceptions -fomit-frame-pointer -mcpu=cortex-m3 -march=armv7-m -mthumb -msoft-float    -std=c99 -o CMakeFiles/cmTC_95041.dir/feature_tests.c.obj   -c /home/sf/Downloads/TheTokenBox/build/CMakeFiles/feature_tests.c
Linking C executable cmTC_95041
/usr/bin/cmake -E cmake_link_script CMakeFiles/cmTC_95041.dir/link.txt --verbose=1
/usr/bin/arm-none-eabi-gcc  -fno-common -ffunction-sections -fdata-sections -fexceptions -fomit-frame-pointer -mcpu=cortex-m3 -march=armv7-m -mthumb -msoft-float   --specs=nosys.specs --specs=nano.specs -Wl,-Map,output.map -Wl,--gc-sections  CMakeFiles/cmTC_95041.dir/feature_tests.c.obj  -o cmTC_95041 
make[1]: Leaving directory '/home/sf/Downloads/TheTokenBox/build/CMakeFiles/CMakeTmp'


    Feature record: C_FEATURE:1c_function_prototypes
    Feature record: C_FEATURE:1c_restrict
    Feature record: C_FEATURE:0c_static_assert
    Feature record: C_FEATURE:1c_variadic_macros


Detecting C [-std=c90] compiler features compiled with the following output:
Change Dir: /home/sf/Downloads/TheTokenBox/build/CMakeFiles/CMakeTmp

Run Build Command:"/usr/bin/make" "cmTC_d1286/fast"
/usr/bin/make -f CMakeFiles/cmTC_d1286.dir/build.make CMakeFiles/cmTC_d1286.dir/build
make[1]: Entering directory '/home/sf/Downloads/TheTokenBox/build/CMakeFiles/CMakeTmp'
Building C object CMakeFiles/cmTC_d1286.dir/feature_tests.c.obj
/usr/bin/arm-none-eabi-gcc    -fno-common -ffunction-sections -fdata-sections -fexceptions -fomit-frame-pointer -mcpu=cortex-m3 -march=armv7-m -mthumb -msoft-float    -std=c90 -o CMakeFiles/cmTC_d1286.dir/feature_tests.c.obj   -c /home/sf/Downloads/TheTokenBox/build/CMakeFiles/feature_tests.c
Linking C executable cmTC_d1286
/usr/bin/cmake -E cmake_link_script CMakeFiles/cmTC_d1286.dir/link.txt --verbose=1
/usr/bin/arm-none-eabi-gcc  -fno-common -ffunction-sections -fdata-sections -fexceptions -fomit-frame-pointer -mcpu=cortex-m3 -march=armv7-m -mthumb -msoft-float   --specs=nosys.specs --specs=nano.specs -Wl,-Map,output.map -Wl,--gc-sections  CMakeFiles/cmTC_d1286.dir/feature_tests.c.obj  -o cmTC_d1286 
make[1]: Leaving directory '/home/sf/Downloads/TheTokenBox/build/CMakeFiles/CMakeTmp'


    Feature record: C_FEATURE:1c_function_prototypes
    Feature record: C_FEATURE:0c_restrict
    Feature record: C_FEATURE:0c_static_assert
    Feature record: C_FEATURE:0c_variadic_macros
Detecting CXX compiler ABI info compiled with the following output:
Change Dir: /home/sf/Downloads/TheTokenBox/build/CMakeFiles/CMakeTmp

Run Build Command:"/usr/bin/make" "cmTC_2f27f/fast"
/usr/bin/make -f CMakeFiles/cmTC_2f27f.dir/build.make CMakeFiles/cmTC_2f27f.dir/build
make[1]: Entering directory '/home/sf/Downloads/TheTokenBox/build/CMakeFiles/CMakeTmp'
Building CXX object CMakeFiles/cmTC_2f27f.dir/CMakeCXXCompilerABI.cpp.obj
/usr/bin/arm-none-eabi-g++     -fno-common -ffunction-sections -fdata-sections -fexceptions -fomit-frame-pointer -fno-rtti -mcpu=cortex-m3 -march=armv7-m -mthumb -msoft-float    -o CMakeFiles/cmTC_2f27f.dir/CMakeCXXCompilerABI.cpp.obj -c /usr/share/cmake-3.5/Modules/CMakeCXXCompilerABI.cpp
Linking CXX executable cmTC_2f27f
/usr/bin/cmake -E cmake_link_script CMakeFiles/cmTC_2f27f.dir/link.txt --verbose=1
/usr/bin/arm-none-eabi-g++   -fno-common -ffunction-sections -fdata-sections -fexceptions -fomit-frame-pointer -fno-rtti -mcpu=cortex-m3 -march=armv7-m -mthumb -msoft-float   --specs=nosys.specs --specs=nano.specs -Wl,-Map,output.map -Wl,--gc-sections -v CMakeFiles/cmTC_2f27f.dir/CMakeCXXCompilerABI.cpp.obj  -o cmTC_2f27f  
Using built-in specs.
Reading specs from /usr/bin/../lib/gcc/arm-none-eabi/7.2.1/../../../../arm-none-eabi/lib/nosys.specs
rename spec link_gcc_c_sequence to nosys_link_gcc_c_sequence
Reading specs from /usr/bin/../lib/gcc/arm-none-eabi/7.2.1/../../../../arm-none-eabi/lib/nano.specs
rename spec link to nano_link
rename spec link_gcc_c_sequence to nano_link_gcc_c_sequence
rename spec cpp_unique_options to nano_cpp_unique_options
COLLECT_GCC=/usr/bin/arm-none-eabi-g++
COLLECT_LTO_WRAPPER=/usr/bin/../lib/gcc/arm-none-eabi/7.2.1/lto-wrapper
Target: arm-none-eabi
Configured with: /build/gcc-arm-none-eabi-bkQvi3/gcc-arm-none-eabi-7-2017q4/src/gcc/configure --target=arm-none-eabi --prefix=/build/gcc-arm-none-eabi-bkQvi3/gcc-arm-none-eabi-7-2017q4/install-native --libexecdir=/build/gcc-arm-none-eabi-bkQvi3/gcc-arm-none-eabi-7-2017q4/install-native/lib --infodir=/build/gcc-arm-none-eabi-bkQvi3/gcc-arm-none-eabi-7-2017q4/install-native/share/doc/gcc-arm-none-eabi/info --mandir=/build/gcc-arm-none-eabi-bkQvi3/gcc-arm-none-eabi-7-2017q4/install-native/share/doc/gcc-arm-none-eabi/man --htmldir=/build/gcc-arm-none-eabi-bkQvi3/gcc-arm-none-eabi-7-2017q4/install-native/share/doc/gcc-arm-none-eabi/html --pdfdir=/build/gcc-arm-none-eabi-bkQvi3/gcc-arm-none-eabi-7-2017q4/install-native/share/doc/gcc-arm-none-eabi/pdf --enable-languages=c,c++ --enable-plugins --disable-decimal-float --disable-libffi --disable-libgomp --disable-libmudflap --disable-libquadmath --disable-libssp --disable-libstdcxx-pch --disable-nls --disable-shared --disable-threads --disable-tls --with-gnu-as --with-gnu-ld --with-newlib --with-headers=yes --with-python-dir=share/gcc-arm-none-eabi --with-sysroot=/build/gcc-arm-none-eabi-bkQvi3/gcc-arm-none-eabi-7-2017q4/install-native/arm-none-eabi --with-host-libstdcxx='-static-libgcc -Wl,-Bstatic,-lstdc++,-Bdynamic -lm' --with-pkgversion='GNU Tools for Arm Embedded Processors 7-2017-q4-major' --with-multilib-list=rmprofile
Thread model: single
gcc version 7.2.1 20170904 (release) [ARM/embedded-7-branch revision 255204] (GNU Tools for Arm Embedded Processors 7-2017-q4-major) 
COMPILER_PATH=/usr/bin/../lib/gcc/arm-none-eabi/7.2.1/:/usr/bin/../lib/gcc/:/usr/bin/../lib/gcc/arm-none-eabi/7.2.1/../../../../arm-none-eabi/bin/
LIBRARY_PATH=/usr/bin/../lib/gcc/arm-none-eabi/7.2.1/thumb/v7-m/:/usr/bin/../lib/gcc/arm-none-eabi/7.2.1/../../../../arm-none-eabi/lib/thumb/v7-m/:/usr/bin/../arm-none-eabi/lib/thumb/v7-m/:/usr/bin/../lib/gcc/arm-none-eabi/7.2.1/:/usr/bin/../lib/gcc/:/usr/bin/../lib/gcc/arm-none-eabi/7.2.1/../../../../arm-none-eabi/lib/:/usr/bin/../arm-none-eabi/lib/
COLLECT_GCC_OPTIONS='-fno-common' '-ffunction-sections' '-fdata-sections' '-fexceptions' '-fomit-frame-pointer' '-fno-rtti' '-mcpu=cortex-m3' '-march=armv7-m' '-mthumb' '-mfloat-abi=soft' '-specs=nosys.specs' '-specs=nano.specs' '-v' '-o' 'cmTC_2f27f'
 /usr/bin/../lib/gcc/arm-none-eabi/7.2.1/collect2 -plugin /usr/bin/../lib/gcc/arm-none-eabi/7.2.1/liblto_plugin.so -plugin-opt=/usr/bin/../lib/gcc/arm-none-eabi/7.2.1/lto-wrapper -plugin-opt=-fresolution=/tmp/ccmQSg8U.res -plugin-opt=-pass-through=-lgcc -plugin-opt=-pass-through=-lc_nano -plugin-opt=-pass-through=-lgcc -plugin-opt=-pass-through=-lc_nano -plugin-opt=-pass-through=-lnosys -plugin-opt=-pass-through=-lgcc -plugin-opt=-pass-through=-lc_nano -plugin-opt=-pass-through=-lnosys --sysroot=/usr/bin/../arm-none-eabi -X -o cmTC_2f27f /usr/bin/../lib/gcc/arm-none-eabi/7.2.1/thumb/v7-m/crti.o /usr/bin/../lib/gcc/arm-none-eabi/7.2.1/thumb/v7-m/crtbegin.o /usr/bin/../lib/gcc/arm-none-eabi/7.2.1/../../../../arm-none-eabi/lib/thumb/v7-m/crt0.o -L/usr/bin/../lib/gcc/arm-none-eabi/7.2.1/thumb/v7-m -L/usr/bin/../lib/gcc/arm-none-eabi/7.2.1/../../../../arm-none-eabi/lib/thumb/v7-m -L/usr/bin/../arm-none-eabi/lib/thumb/v7-m -L/usr/bin/../lib/gcc/arm-none-eabi/7.2.1 -L/usr/bin/../lib/gcc -L/usr/bin/../lib/gcc/arm-none-eabi/7.2.1/../../../../arm-none-eabi/lib -L/usr/bin/../arm-none-eabi/lib -Map output.map --gc-sections CMakeFiles/cmTC_2f27f.dir/CMakeCXXCompilerABI.cpp.obj -lstdc++_nano -lm --start-group -lgcc -lc_nano --end-group --start-group -lgcc -lc_nano -lnosys --end-group --start-group -lgcc -lc_nano -lnosys --end-group /usr/bin/../lib/gcc/arm-none-eabi/7.2.1/thumb/v7-m/crtend.o /usr/bin/../lib/gcc/arm-none-eabi/7.2.1/thumb/v7-m/crtn.o
COLLECT_GCC_OPTIONS='-fno-common' '-ffunction-sections' '-fdata-sections' '-fexceptions' '-fomit-frame-pointer' '-fno-rtti' '-mcpu=cortex-m3' '-march=armv7-m' '-mthumb' '-mfloat-abi=soft' '-specs=nosys.specs' '-specs=nano.specs' '-v' '-o' 'cmTC_2f27f'
make[1]: Leaving directory '/home/sf/Downloads/TheTokenBox/build/CMakeFiles/CMakeTmp'


Parsed CXX implicit link information from above output:
  link line regex: [^( *|.*[/\])(arm-none-eabi-ld|([^/\]+-)?ld|collect2)[^/\]*( |$)]
  ignore line: [Change Dir: /home/sf/Downloads/TheTokenBox/build/CMakeFiles/CMakeTmp]
  ignore line: []
  ignore line: [Run Build Command:"/usr/bin/make" "cmTC_2f27f/fast"]
  ignore line: [/usr/bin/make -f CMakeFiles/cmTC_2f27f.dir/build.make CMakeFiles/cmTC_2f27f.dir/build]
  ignore line: [make[1]: Entering directory '/home/sf/Downloads/TheTokenBox/build/CMakeFiles/CMakeTmp']
  ignore line: [Building CXX object CMakeFiles/cmTC_2f27f.dir/CMakeCXXCompilerABI.cpp.obj]
  ignore line: [/usr/bin/arm-none-eabi-g++     -fno-common -ffunction-sections -fdata-sections -fexceptions -fomit-frame-pointer -fno-rtti -mcpu=cortex-m3 -march=armv7-m -mthumb -msoft-float    -o CMakeFiles/cmTC_2f27f.dir/CMakeCXXCompilerABI.cpp.obj -c /usr/share/cmake-3.5/Modules/CMakeCXXCompilerABI.cpp]
  ignore line: [Linking CXX executable cmTC_2f27f]
  ignore line: [/usr/bin/cmake -E cmake_link_script CMakeFiles/cmTC_2f27f.dir/link.txt --verbose=1]
  ignore line: [/usr/bin/arm-none-eabi-g++   -fno-common -ffunction-sections -fdata-sections -fexceptions -fomit-frame-pointer -fno-rtti -mcpu=cortex-m3 -march=armv7-m -mthumb -msoft-float   --specs=nosys.specs --specs=nano.specs -Wl,-Map,output.map -Wl,--gc-sections -v CMakeFiles/cmTC_2f27f.dir/CMakeCXXCompilerABI.cpp.obj  -o cmTC_2f27f  ]
  ignore line: [Using built-in specs.]
  ignore line: [Reading specs from /usr/bin/../lib/gcc/arm-none-eabi/7.2.1/../../../../arm-none-eabi/lib/nosys.specs]
  ignore line: [rename spec link_gcc_c_sequence to nosys_link_gcc_c_sequence]
  ignore line: [Reading specs from /usr/bin/../lib/gcc/arm-none-eabi/7.2.1/../../../../arm-none-eabi/lib/nano.specs]
  ignore line: [rename spec link to nano_link]
  ignore line: [rename spec link_gcc_c_sequence to nano_link_gcc_c_sequence]
  ignore line: [rename spec cpp_unique_options to nano_cpp_unique_options]
  ignore line: [COLLECT_GCC=/usr/bin/arm-none-eabi-g++]
  ignore line: [COLLECT_LTO_WRAPPER=/usr/bin/../lib/gcc/arm-none-eabi/7.2.1/lto-wrapper]
  ignore line: [Target: arm-none-eabi]
  ignore line: [Configured with: /build/gcc-arm-none-eabi-bkQvi3/gcc-arm-none-eabi-7-2017q4/src/gcc/configure --target=arm-none-eabi --prefix=/build/gcc-arm-none-eabi-bkQvi3/gcc-arm-none-eabi-7-2017q4/install-native --libexecdir=/build/gcc-arm-none-eabi-bkQvi3/gcc-arm-none-eabi-7-2017q4/install-native/lib --infodir=/build/gcc-arm-none-eabi-bkQvi3/gcc-arm-none-eabi-7-2017q4/install-native/share/doc/gcc-arm-none-eabi/info --mandir=/build/gcc-arm-none-eabi-bkQvi3/gcc-arm-none-eabi-7-2017q4/install-native/share/doc/gcc-arm-none-eabi/man --htmldir=/build/gcc-arm-none-eabi-bkQvi3/gcc-arm-none-eabi-7-2017q4/install-native/share/doc/gcc-arm-none-eabi/html --pdfdir=/build/gcc-arm-none-eabi-bkQvi3/gcc-arm-none-eabi-7-2017q4/install-native/share/doc/gcc-arm-none-eabi/pdf --enable-languages=c,c++ --enable-plugins --disable-decimal-float --disable-libffi --disable-libgomp --disable-libmudflap --disable-libquadmath --disable-libssp --disable-libstdcxx-pch --disable-nls --disable-shared --disable-threads --disable-tls --with-gnu-as --with-gnu-ld --with-newlib --with-headers=yes --with-python-dir=share/gcc-arm-none-eabi --with-sysroot=/build/gcc-arm-none-eabi-bkQvi3/gcc-arm-none-eabi-7-2017q4/install-native/arm-none-eabi --with-host-libstdcxx='-static-libgcc -Wl,-Bstatic,-lstdc++,-Bdynamic -lm' --with-pkgversion='GNU Tools for Arm Embedded Processors 7-2017-q4-major' --with-multilib-list=rmprofile]
  ignore line: [Thread model: single]
  ignore line: [gcc version 7.2.1 20170904 (release) [ARM/embedded-7-branch revision 255204] (GNU Tools for Arm Embedded Processors 7-2017-q4-major) ]
  ignore line: [COMPILER_PATH=/usr/bin/../lib/gcc/arm-none-eabi/7.2.1/:/usr/bin/../lib/gcc/:/usr/bin/../lib/gcc/arm-none-eabi/7.2.1/../../../../arm-none-eabi/bin/]
  ignore line: [LIBRARY_PATH=/usr/bin/../lib/gcc/arm-none-eabi/7.2.1/thumb/v7-m/:/usr/bin/../lib/gcc/arm-none-eabi/7.2.1/../../../../arm-none-eabi/lib/thumb/v7-m/:/usr/bin/../arm-none-eabi/lib/thumb/v7-m/:/usr/bin/../lib/gcc/arm-none-eabi/7.2.1/:/usr/bin/../lib/gcc/:/usr/bin/../lib/gcc/arm-none-eabi/7.2.1/../../../../arm-none-eabi/lib/:/usr/bin/../arm-none-eabi/lib/]
  ignore line: [COLLECT_GCC_OPTIONS='-fno-common' '-ffunction-sections' '-fdata-sections' '-fexceptions' '-fomit-frame-pointer' '-fno-rtti' '-mcpu=cortex-m3' '-march=armv7-m' '-mthumb' '-mfloat-abi=soft' '-specs=nosys.specs' '-specs=nano.specs' '-v' '-o' 'cmTC_2f27f']
  link line: [ /usr/bin/../lib/gcc/arm-none-eabi/7.2.1/collect2 -plugin /usr/bin/../lib/gcc/arm-none-eabi/7.2.1/liblto_plugin.so -plugin-opt=/usr/bin/../lib/gcc/arm-none-eabi/7.2.1/lto-wrapper -plugin-opt=-fresolution=/tmp/ccmQSg8U.res -plugin-opt=-pass-through=-lgcc -plugin-opt=-pass-through=-lc_nano -plugin-opt=-pass-through=-lgcc -plugin-opt=-pass-through=-lc_nano -plugin-opt=-pass-through=-lnosys -plugin-opt=-pass-through=-lgcc -plugin-opt=-pass-through=-lc_nano -plugin-opt=-pass-through=-lnosys --sysroot=/usr/bin/../arm-none-eabi -X -o cmTC_2f27f /usr/bin/../lib/gcc/arm-none-eabi/7.2.1/thumb/v7-m/crti.o /usr/bin/../lib/gcc/arm-none-eabi/7.2.1/thumb/v7-m/crtbegin.o /usr/bin/../lib/gcc/arm-none-eabi/7.2.1/../../../../arm-none-eabi/lib/thumb/v7-m/crt0.o -L/usr/bin/../lib/gcc/arm-none-eabi/7.2.1/thumb/v7-m -L/usr/bin/../lib/gcc/arm-none-eabi/7.2.1/../../../../arm-none-eabi/lib/thumb/v7-m -L/usr/bin/../arm-none-eabi/lib/thumb/v7-m -L/usr/bin/../lib/gcc/arm-none-eabi/7.2.1 -L/usr/bin/../lib/gcc -L/usr/bin/../lib/gcc/arm-none-eabi/7.2.1/../../../../arm-none-eabi/lib -L/usr/bin/../arm-none-eabi/lib -Map output.map --gc-sections CMakeFiles/cmTC_2f27f.dir/CMakeCXXCompilerABI.cpp.obj -lstdc++_nano -lm --start-group -lgcc -lc_nano --end-group --start-group -lgcc -lc_nano -lnosys --end-group --start-group -lgcc -lc_nano -lnosys --end-group /usr/bin/../lib/gcc/arm-none-eabi/7.2.1/thumb/v7-m/crtend.o /usr/bin/../lib/gcc/arm-none-eabi/7.2.1/thumb/v7-m/crtn.o]
    arg [/usr/bin/../lib/gcc/arm-none-eabi/7.2.1/collect2] ==> ignore
    arg [-plugin] ==> ignore
    arg [/usr/bin/../lib/gcc/arm-none-eabi/7.2.1/liblto_plugin.so] ==> ignore
    arg [-plugin-opt=/usr/bin/../lib/gcc/arm-none-eabi/7.2.1/lto-wrapper] ==> ignore
    arg [-plugin-opt=-fresolution=/tmp/ccmQSg8U.res] ==> ignore
    arg [-plugin-opt=-pass-through=-lgcc] ==> ignore
    arg [-plugin-opt=-pass-through=-lc_nano] ==> ignore
    arg [-plugin-opt=-pass-through=-lgcc] ==> ignore
    arg [-plugin-opt=-pass-through=-lc_nano] ==> ignore
    arg [-plugin-opt=-pass-through=-lnosys] ==> ignore
    arg [-plugin-opt=-pass-through=-lgcc] ==> ignore
    arg [-plugin-opt=-pass-through=-lc_nano] ==> ignore
    arg [-plugin-opt=-pass-through=-lnosys] ==> ignore
    arg [--sysroot=/usr/bin/../arm-none-eabi] ==> ignore
    arg [-X] ==> ignore
    arg [-o] ==> ignore
    arg [cmTC_2f27f] ==> ignore
    arg [/usr/bin/../lib/gcc/arm-none-eabi/7.2.1/thumb/v7-m/crti.o] ==> ignore
    arg [/usr/bin/../lib/gcc/arm-none-eabi/7.2.1/thumb/v7-m/crtbegin.o] ==> ignore
    arg [/usr/bin/../lib/gcc/arm-none-eabi/7.2.1/../../../../arm-none-eabi/lib/thumb/v7-m/crt0.o] ==> ignore
    arg [-L/usr/bin/../lib/gcc/arm-none-eabi/7.2.1/thumb/v7-m] ==> dir [/usr/bin/../lib/gcc/arm-none-eabi/7.2.1/thumb/v7-m]
    arg [-L/usr/bin/../lib/gcc/arm-none-eabi/7.2.1/../../../../arm-none-eabi/lib/thumb/v7-m] ==> dir [/usr/bin/../lib/gcc/arm-none-eabi/7.2.1/../../../../arm-none-eabi/lib/thumb/v7-m]
    arg [-L/usr/bin/../arm-none-eabi/lib/thumb/v7-m] ==> dir [/usr/bin/../arm-none-eabi/lib/thumb/v7-m]
    arg [-L/usr/bin/../lib/gcc/arm-none-eabi/7.2.1] ==> dir [/usr/bin/../lib/gcc/arm-none-eabi/7.2.1]
    arg [-L/usr/bin/../lib/gcc] ==> dir [/usr/bin/../lib/gcc]
    arg [-L/usr/bin/../lib/gcc/arm-none-eabi/7.2.1/../../../../arm-none-eabi/lib] ==> dir [/usr/bin/../lib/gcc/arm-none-eabi/7.2.1/../../../../arm-none-eabi/lib]
    arg [-L/usr/bin/../arm-none-eabi/lib] ==> dir [/usr/bin/../arm-none-eabi/lib]
    arg [-Map] ==> ignore
    arg [output.map] ==> ignore
    arg [--gc-sections] ==> ignore
    arg [CMakeFiles/cmTC_2f27f.dir/CMakeCXXCompilerABI.cpp.obj] ==> ignore
    arg [-lstdc++_nano] ==> lib [stdc++_nano]
    arg [-lm] ==> lib [m]
    arg [--start-group] ==> ignore
    arg [-lgcc] ==> lib [gcc]
    arg [-lc_nano] ==> lib [c_nano]
    arg [--end-group] ==> ignore
    arg [--start-group] ==> ignore
    arg [-lgcc] ==> lib [gcc]
    arg [-lc_nano] ==> lib [c_nano]
    arg [-lnosys] ==> lib [nosys]
    arg [--end-group] ==> ignore
    arg [--start-group] ==> ignore
    arg [-lgcc] ==> lib [gcc]
    arg [-lc_nano] ==> lib [c_nano]
    arg [-lnosys] ==> lib [nosys]
    arg [--end-group] ==> ignore
    arg [/usr/bin/../lib/gcc/arm-none-eabi/7.2.1/thumb/v7-m/crtend.o] ==> ignore
    arg [/usr/bin/../lib/gcc/arm-none-eabi/7.2.1/thumb/v7-m/crtn.o] ==> ignore
  remove lib [gcc]
  remove lib [gcc]
  remove lib [gcc]
  collapse library dir [/usr/bin/../lib/gcc/arm-none-eabi/7.2.1/thumb/v7-m] ==> [/usr/lib/gcc/arm-none-eabi/7.2.1/thumb/v7-m]
  collapse library dir [/usr/bin/../lib/gcc/arm-none-eabi/7.2.1/../../../../arm-none-eabi/lib/thumb/v7-m] ==> [/usr/arm-none-eabi/lib/thumb/v7-m]
  collapse library dir [/usr/bin/../arm-none-eabi/lib/thumb/v7-m] ==> [/usr/arm-none-eabi/lib/thumb/v7-m]
  collapse library dir [/usr/bin/../lib/gcc/arm-none-eabi/7.2.1] ==> [/usr/lib/gcc/arm-none-eabi/7.2.1]
  collapse library dir [/usr/bin/../lib/gcc] ==> [/usr/lib/gcc]
  collapse library dir [/usr/bin/../lib/gcc/arm-none-eabi/7.2.1/../../../../arm-none-eabi/lib] ==> [/usr/arm-none-eabi/lib]
  collapse library dir [/usr/bin/../arm-none-eabi/lib] ==> [/usr/arm-none-eabi/lib]
  implicit libs: [stdc++_nano;m;c_nano;c_nano;nosys;c_nano;nosys]
  implicit dirs: [/usr/lib/gcc/arm-none-eabi/7.2.1/thumb/v7-m;/usr/arm-none-eabi/lib/thumb/v7-m;/usr/lib/gcc/arm-none-eabi/7.2.1;/usr/lib/gcc;/usr/arm-none-eabi/lib]
  implicit fwks: []




Detecting CXX [-std=c++14] compiler features compiled with the following output:
Change Dir: /home/sf/Downloads/TheTokenBox/build/CMakeFiles/CMakeTmp

Run Build Command:"/usr/bin/make" "cmTC_53668/fast"
/usr/bin/make -f CMakeFiles/cmTC_53668.dir/build.make CMakeFiles/cmTC_53668.dir/build
make[1]: Entering directory '/home/sf/Downloads/TheTokenBox/build/CMakeFiles/CMakeTmp'
Building CXX object CMakeFiles/cmTC_53668.dir/feature_tests.cxx.obj
/usr/bin/arm-none-eabi-g++     -fno-common -ffunction-sections -fdata-sections -fexceptions -fomit-frame-pointer -fno-rtti -mcpu=cortex-m3 -march=armv7-m -mthumb -msoft-float    -std=c++14 -o CMakeFiles/cmTC_53668.dir/feature_tests.cxx.obj -c /home/sf/Downloads/TheTokenBox/build/CMakeFiles/feature_tests.cxx
Linking CXX executable cmTC_53668
/usr/bin/cmake -E cmake_link_script CMakeFiles/cmTC_53668.dir/link.txt --verbose=1
/usr/bin/arm-none-eabi-g++   -fno-common -ffunction-sections -fdata-sections -fexceptions -fomit-frame-pointer -fno-rtti -mcpu=cortex-m3 -march=armv7-m -mthumb -msoft-float   --specs=nosys.specs --specs=nano.specs -Wl,-Map,output.map -Wl,--gc-sections  CMakeFiles/cmTC_53668.dir/feature_tests.cxx.obj  -o cmTC_53668 
make[1]: Leaving directory '/home/sf/Downloads/TheTokenBox/build/CMakeFiles/CMakeTmp'


    Feature record: CXX_FEATURE:1cxx_aggregate_default_initializers
    Feature record: CXX_FEATURE:1cxx_alias_templates
    Feature record: CXX_FEATURE:1cxx_alignas
    Feature record: CXX_FEATURE:1cxx_alignof
    Feature record: CXX_FEATURE:1cxx_attributes
    Feature record: CXX_FEATURE:1cxx_attribute_deprecated
    Feature record: CXX_FEATURE:1cxx_auto_type
    Feature record: CXX_FEATURE:1cxx_binary_literals
    Feature record: CXX_FEATURE:1cxx_constexpr
    Feature record: CXX_FEATURE:1cxx_contextual_conversions
    Feature record: CXX_FEATURE:1cxx_decltype
    Feature record: CXX_FEATURE:1cxx_decltype_auto
    Feature record: CXX_FEATURE:1cxx_decltype_incomplete_return_types
    Feature record: CXX_FEATURE:1cxx_default_function_template_args
    Feature record: CXX_FEATURE:1cxx_defaulted_functions
    Feature record: CXX_FEATURE:1cxx_defaulted_move_initializers
    Feature record: CXX_FEATURE:1cxx_delegating_constructors
    Feature record: CXX_FEATURE:1cxx_deleted_functions
    Feature record: CXX_FEATURE:1cxx_digit_separators
    Feature record: CXX_FEATURE:1cxx_enum_forward_declarations
    Feature record: CXX_FEATURE:1cxx_explicit_conversions
    Feature record: CXX_FEATURE:1cxx_extended_friend_declarations
    Feature record: CXX_FEATURE:1cxx_extern_templates
    Feature record: CXX_FEATURE:1cxx_final
    Feature record: CXX_FEATURE:1cxx_func_identifier
    Feature record: CXX_FEATURE:1cxx_generalized_initializers
    Feature record: CXX_FEATURE:1cxx_generic_lambdas
    Feature record: CXX_FEATURE:1cxx_inheriting_constructors
    Feature record: CXX_FEATURE:1cxx_inline_namespaces
    Feature record: CXX_FEATURE:1cxx_lambdas
    Feature record: CXX_FEATURE:1cxx_lambda_init_captures
    Feature record: CXX_FEATURE:1cxx_local_type_template_args
    Feature record: CXX_FEATURE:1cxx_long_long_type
    Feature record: CXX_FEATURE:1cxx_noexcept
    Feature record: CXX_FEATURE:1cxx_nonstatic_member_init
    Feature record: CXX_FEATURE:1cxx_nullptr
    Feature record: CXX_FEATURE:1cxx_override
    Feature record: CXX_FEATURE:1cxx_range_for
    Feature record: CXX_FEATURE:1cxx_raw_string_literals
    Feature record: CXX_FEATURE:1cxx_reference_qualified_functions
    Feature record: CXX_FEATURE:1cxx_relaxed_constexpr
    Feature record: CXX_FEATURE:1cxx_return_type_deduction
    Feature record: CXX_FEATURE:1cxx_right_angle_brackets
    Feature record: CXX_FEATURE:1cxx_rvalue_references
    Feature record: CXX_FEATURE:1cxx_sizeof_member
    Feature record: CXX_FEATURE:1cxx_static_assert
    Feature record: CXX_FEATURE:1cxx_strong_enums
    Feature record: CXX_FEATURE:1cxx_template_template_parameters
    Feature record: CXX_FEATURE:1cxx_thread_local
    Feature record: CXX_FEATURE:1cxx_trailing_return_types
    Feature record: CXX_FEATURE:1cxx_unicode_literals
    Feature record: CXX_FEATURE:1cxx_uniform_initialization
    Feature record: CXX_FEATURE:1cxx_unrestricted_unions
    Feature record: CXX_FEATURE:1cxx_user_literals
    Feature record: CXX_FEATURE:1cxx_variable_templates
    Feature record: CXX_FEATURE:1cxx_variadic_macros
    Feature record: CXX_FEATURE:1cxx_variadic_templates


Detecting CXX [-std=c++11] compiler features compiled with the following output:
Change Dir: /home/sf/Downloads/TheTokenBox/build/CMakeFiles/CMakeTmp

Run Build Command:"/usr/bin/make" "cmTC_45f98/fast"
/usr/bin/make -f CMakeFiles/cmTC_45f98.dir/build.make CMakeFiles/cmTC_45f98.dir/build
make[1]: Entering directory '/home/sf/Downloads/TheTokenBox/build/CMakeFiles/CMakeTmp'
Building CXX object CMakeFiles/cmTC_45f98.dir/feature_tests.cxx.obj
/usr/bin/arm-none-eabi-g++     -fno-common -ffunction-sections -fdata-sections -fexceptions -fomit-frame-pointer -fno-rtti -mcpu=cortex-m3 -march=armv7-m -mthumb -msoft-float    -std=c++11 -o CMakeFiles/cmTC_45f98.dir/feature_tests.cxx.obj -c /home/sf/Downloads/TheTokenBox/build/CMakeFiles/feature_tests.cxx
Linking CXX executable cmTC_45f98
/usr/bin/cmake -E cmake_link_script CMakeFiles/cmTC_45f98.dir/link.txt --verbose=1
/usr/bin/arm-none-eabi-g++   -fno-common -ffunction-sections -fdata-sections -fexceptions -fomit-frame-pointer -fno-rtti -mcpu=cortex-m3 -march=armv7-m -mthumb -msoft-float   --specs=nosys.specs --specs=nano.specs -Wl,-Map,output.map -Wl,--gc-sections  CMakeFiles/cmTC_45f98.dir/feature_tests.cxx.obj  -o cmTC_45f98 
make[1]: Leaving directory '/home/sf/Downloads/TheTokenBox/build/CMakeFiles/CMakeTmp'


    Feature record: CXX_FEATURE:0cxx_aggregate_default_initializers
    Feature record: CXX_FEATURE:1cxx_alias_templates
    Feature record: CXX_FEATURE:1cxx_alignas
    Feature record: CXX_FEATURE:1cxx_alignof
    Feature record: CXX_FEATURE:1cxx_attributes
    Feature record: CXX_FEATURE:0cxx_attribute_deprecated
    Feature record: CXX_FEATURE:1cxx_auto_type
    Feature record: CXX_FEATURE:0cxx_binary_literals
    Feature record: CXX_FEATURE:1cxx_constexpr
    Feature record: CXX_FEATURE:0cxx_contextual_conversions
    Feature record: CXX_FEATURE:1cxx_decltype
    Feature record: CXX_FEATURE:0cxx_decltype_auto
    Feature record: CXX_FEATURE:1cxx_decltype_incomplete_return_types
    Feature record: CXX_FEATURE:1cxx_default_function_template_args
    Feature record: CXX_FEATURE:1cxx_defaulted_functions
    Feature record: CXX_FEATURE:1cxx_defaulted_move_initializers
    Feature record: CXX_FEATURE:1cxx_delegating_constructors
    Feature record: CXX_FEATURE:1cxx_deleted_functions
    Feature record: CXX_FEATURE:0cxx_digit_separators
    Feature record: CXX_FEATURE:1cxx_enum_forward_declarations
    Feature record: CXX_FEATURE:1cxx_explicit_conversions
    Feature record: CXX_FEATURE:1cxx_extended_friend_declarations
    Feature record: CXX_FEATURE:1cxx_extern_templates
    Feature record: CXX_FEATURE:1cxx_final
    Feature record: CXX_FEATURE:1cxx_func_identifier
    Feature record: CXX_FEATURE:1cxx_generalized_initializers
    Feature record: CXX_FEATURE:0cxx_generic_lambdas
    Feature record: CXX_FEATURE:1cxx_inheriting_constructors
    Feature record: CXX_FEATURE:1cxx_inline_namespaces
    Feature record: CXX_FEATURE:1cxx_lambdas
    Feature record: CXX_FEATURE:0cxx_lambda_init_captures
    Feature record: CXX_FEATURE:1cxx_local_type_template_args
    Feature record: CXX_FEATURE:1cxx_long_long_type
    Feature record: CXX_FEATURE:1cxx_noexcept
    Feature record: CXX_FEATURE:1cxx_nonstatic_member_init
    Feature record: CXX_FEATURE:1cxx_nullptr
    Feature record: CXX_FEATURE:1cxx_override
    Feature record: CXX_FEATURE:1cxx_range_for
    Feature record: CXX_FEATURE:1cxx_raw_string_literals
    Feature record: CXX_FEATURE:1cxx_reference_qualified_functions
    Feature record: CXX_FEATURE:0cxx_relaxed_constexpr
    Feature record: CXX_FEATURE:0cxx_return_type_deduction
    Feature record: CXX_FEATURE:1cxx_right_angle_brackets
    Feature record: CXX_FEATURE:1cxx_rvalue_references
    Feature record: CXX_FEATURE:1cxx_sizeof_member
    Feature record: CXX_FEATURE:1cxx_static_assert
    Feature record: CXX_FEATURE:1cxx_strong_enums
    Feature record: CXX_FEATURE:1cxx_template_template_parameters
    Feature record: CXX_FEATURE:1cxx_thread_local
    Feature record: CXX_FEATURE:1cxx_trailing_return_types
    Feature record: CXX_FEATURE:1cxx_unicode_literals
    Feature record: CXX_FEATURE:1cxx_uniform_initialization
    Feature record: CXX_FEATURE:1cxx_unrestricted_unions
    Feature record: CXX_FEATURE:1cxx_user_literals
    Feature record: CXX_FEATURE:0cxx_variable_templates
    Feature record: CXX_FEATURE:1cxx_variadic_macros
    Feature record: CXX_FEATURE:1cxx_variadic_templates


Detecting CXX [-std=c++98] compiler features compiled with the following output:
Change Dir: /home/sf/Downloads/TheTokenBox/build/CMakeFiles/CMakeTmp

Run Build Command:"/usr/bin/make" "cmTC_2ddea/fast"
/usr/bin/make -f CMakeFiles/cmTC_2ddea.dir/build.make CMakeFiles/cmTC_2ddea.dir/build
make[1]: Entering directory '/home/sf/Downloads/TheTokenBox/build/CMakeFiles/CMakeTmp'
Building CXX object CMakeFiles/cmTC_2ddea.dir/feature_tests.cxx.obj
/usr/bin/arm-none-eabi-g++     -fno-common -ffunction-sections -fdata-sections -fexceptions -fomit-frame-pointer -fno-rtti -mcpu=cortex-m3 -march=armv7-m -mthumb -msoft-float    -std=c++98 -o CMakeFiles/cmTC_2ddea.dir/feature_tests.cxx.obj -c /home/sf/Downloads/TheTokenBox/build/CMakeFiles/feature_tests.cxx
Linking CXX executable cmTC_2ddea
/usr/bin/cmake -E cmake_link_script CMakeFiles/cmTC_2ddea.dir/link.txt --verbose=1
/usr/bin/arm-none-eabi-g++   -fno-common -ffunction-sections -fdata-sections -fexceptions -fomit-frame-pointer -fno-rtti -mcpu=cortex-m3 -march=armv7-m -mthumb -msoft-float   --specs=nosys.specs --specs=nano.specs -Wl,-Map,output.map -Wl,--gc-sections  CMakeFiles/cmTC_2ddea.dir/feature_tests.cxx.obj  -o cmTC_2ddea 
make[1]: Leaving directory '/home/sf/Downloads/TheTokenBox/build/CMakeFiles/CMakeTmp'


    Feature record: CXX_FEATURE:0cxx_aggregate_default_initializers
    Feature record: CXX_FEATURE:0cxx_alias_templates
    Feature record: CXX_FEATURE:0cxx_alignas
    Feature record: CXX_FEATURE:0cxx_alignof
    Feature record: CXX_FEATURE:0cxx_attributes
    Feature record: CXX_FEATURE:0cxx_attribute_deprecated
    Feature record: CXX_FEATURE:0cxx_auto_type
    Feature record: CXX_FEATURE:0cxx_binary_literals
    Feature record: CXX_FEATURE:0cxx_constexpr
    Feature record: CXX_FEATURE:0cxx_contextual_conversions
    Feature record: CXX_FEATURE:0cxx_decltype
    Feature record: CXX_FEATURE:0cxx_decltype_auto
    Feature record: CXX_FEATURE:0cxx_decltype_incomplete_return_types
    Feature record: CXX_FEATURE:0cxx_default_function_template_args
    Feature record: CXX_FEATURE:0cxx_defaulted_functions
    Feature record: CXX_FEATURE:0cxx_defaulted_move_initializers
    Feature record: CXX_FEATURE:0cxx_delegating_constructors
    Feature record: CXX_FEATURE:0cxx_deleted_functions
    Feature record: CXX_FEATURE:0cxx_digit_separators
    Feature record: CXX_FEATURE:0cxx_enum_forward_declarations
    Feature record: CXX_FEATURE:0cxx_explicit_conversions
    Feature record: CXX_FEATURE:0cxx_extended_friend_declarations
    Feature record: CXX_FEATURE:0cxx_extern_templates
    Feature record: CXX_FEATURE:0cxx_final
    Feature record: CXX_FEATURE:0cxx_func_identifier
    Feature record: CXX_FEATURE:0cxx_generalized_initializers
    Feature record: CXX_FEATURE:0cxx_generic_lambdas
    Feature record: CXX_FEATURE:0cxx_inheriting_constructors
    Feature record: CXX_FEATURE:0cxx_inline_namespaces
    Feature record: CXX_FEATURE:0cxx_lambdas
    Feature record: CXX_FEATURE:0cxx_lambda_init_captures
    Feature record: CXX_FEATURE:0cxx_local_type_template_args
    Feature record: CXX_FEATURE:0cxx_long_long_type
    Feature record: CXX_FEATURE:0cxx_noexcept
    Feature record: CXX_FEATURE:0cxx_nonstatic_member_init
    Feature record: CXX_FEATURE:0cxx_nullptr
    Feature record: CXX_FEATURE:0cxx_override
    Feature record: CXX_FEATURE:0cxx_range_for
    Feature record: CXX_FEATURE:0cxx_raw_string_literals
    Feature record: CXX_FEATURE:0cxx_reference_qualified_functions
    Feature record: CXX_FEATURE:0cxx_relaxed_constexpr
    Feature record: CXX_FEATURE:0cxx_return_type_deduction
    Feature record: CXX_FEATURE:0cxx_right_angle_brackets
    Feature record: CXX_FEATURE:0cxx_rvalue_references
    Feature record: CXX_FEATURE:0cxx_sizeof_member
    Feature record: CXX_FEATURE:0cxx_static_assert
    Feature record: CXX_FEATURE:0cxx_strong_enums
    Feature record: CXX_FEATURE:1cxx_template_template_parameters
    Feature record: CXX_FEATURE:0cxx_thread_local
    Feature record: CXX_FEATURE:0cxx_trailing_return_types
    Feature record: CXX_FEATURE:0cxx_unicode_literals
    Feature record: CXX_FEATURE:0cxx_uniform_initialization
    Feature record: CXX_FEATURE:0cxx_unrestricted_unions
    Feature record: CXX_FEATURE:0cxx_user_literals
    Feature record: CXX_FEATURE:0cxx_variable_templates
    Feature record: CXX_FEATURE:0cxx_variadic_macros
    Feature record: CXX_FEATURE:0cxx_variadic_templates
